{"body":{},"level":"info","message":"Incoming GET request to /","method":"GET","path":"/","query":{},"timestamp":"2024-11-28T11:03:17.306Z"}
{"duration":"12ms","level":"info","message":"GET / - 404","method":"GET","path":"/","status":404,"timestamp":"2024-11-28T11:03:17.317Z"}
{"body":{},"level":"info","message":"Incoming GET request to /","method":"GET","path":"/","query":{},"timestamp":"2024-11-28T11:03:19.912Z"}
{"duration":"2ms","level":"info","message":"GET / - 404","method":"GET","path":"/","status":404,"timestamp":"2024-11-28T11:03:19.914Z"}
{"body":{},"level":"info","message":"Incoming GET request to /api/orders","method":"GET","path":"/api/orders","query":{},"timestamp":"2024-11-28T11:04:25.480Z"}
{"duration":"199ms","level":"info","message":"GET / - 200","method":"GET","path":"/","status":200,"timestamp":"2024-11-28T11:04:25.679Z"}
{"body":{},"level":"info","message":"Incoming GET request to /api/orders","method":"GET","path":"/api/orders","query":{"limit":"100"},"timestamp":"2024-11-28T11:04:55.041Z"}
{"duration":"12ms","level":"info","message":"GET / - 200","method":"GET","path":"/","status":200,"timestamp":"2024-11-28T11:04:55.053Z"}
{"body":{},"level":"info","message":"Incoming GET request to /api/orders","method":"GET","path":"/api/orders","query":{"limit":"100"},"timestamp":"2024-11-28T11:05:09.267Z"}
{"duration":"13ms","level":"info","message":"GET / - 200","method":"GET","path":"/","status":200,"timestamp":"2024-11-28T11:05:09.280Z"}
{"body":{},"level":"info","message":"Incoming GET request to /api/orders","method":"GET","path":"/api/orders","query":{"sort":"order_amount","sortDirection":"desc"},"timestamp":"2024-11-28T11:05:36.184Z"}
{"duration":"9ms","level":"info","message":"GET / - 200","method":"GET","path":"/","status":200,"timestamp":"2024-11-28T11:05:36.193Z"}
{"body":{},"level":"info","message":"Incoming GET request to /","method":"GET","path":"/","query":{},"timestamp":"2024-11-28T13:05:25.377Z"}
{"duration":"8ms","level":"info","message":"GET / - 404","method":"GET","path":"/","status":404,"timestamp":"2024-11-28T13:05:25.384Z"}
{"body":{},"level":"info","message":"Incoming GET request to /","method":"GET","path":"/","query":{},"timestamp":"2024-11-28T13:05:26.965Z"}
{"duration":"1ms","level":"info","message":"GET / - 404","method":"GET","path":"/","status":404,"timestamp":"2024-11-28T13:05:26.966Z"}
{"body":{},"level":"info","message":"Incoming GET request to /","method":"GET","path":"/","query":{},"timestamp":"2024-11-28T13:15:58.884Z"}
{"duration":"12ms","level":"info","message":"GET / - 404","method":"GET","path":"/","status":404,"timestamp":"2024-11-28T13:15:58.895Z"}
{"body":{},"level":"info","message":"Incoming GET request to /api/orders","method":"GET","path":"/api/orders","query":{},"timestamp":"2024-11-28T13:16:33.627Z"}
{"duration":"133ms","level":"info","message":"GET / - 200","method":"GET","path":"/","status":200,"timestamp":"2024-11-28T13:16:33.759Z"}
{"body":{},"level":"info","message":"Incoming GET request to /api/orders","method":"GET","path":"/api/orders","query":{},"timestamp":"2024-11-28T13:28:27.454Z"}
{"duration":"95ms","level":"info","message":"GET / - 304","method":"GET","path":"/","status":304,"timestamp":"2024-11-28T13:28:27.549Z"}
{"body":{},"level":"info","message":"Incoming GET request to /orders","method":"GET","path":"/orders","query":{"limit":"50","sort":"createdAt","sortDirection":"desc"},"timestamp":"2024-11-28T13:55:22.967Z"}
{"duration":"5ms","level":"info","message":"GET /orders - 404","method":"GET","path":"/orders","status":404,"timestamp":"2024-11-28T13:55:22.972Z"}
{"body":{},"level":"info","message":"Incoming GET request to /orders","method":"GET","path":"/orders","query":{"limit":"50","sort":"createdAt","sortDirection":"desc"},"timestamp":"2024-11-28T13:55:23.983Z"}
{"duration":"2ms","level":"info","message":"GET /orders - 404","method":"GET","path":"/orders","status":404,"timestamp":"2024-11-28T13:55:23.985Z"}
{"body":{},"level":"info","message":"Incoming GET request to /orders","method":"GET","path":"/orders","query":{"limit":"50","sort":"createdAt","sortDirection":"desc"},"timestamp":"2024-11-28T13:55:29.800Z"}
{"duration":"2ms","level":"info","message":"GET /orders - 404","method":"GET","path":"/orders","status":404,"timestamp":"2024-11-28T13:55:29.802Z"}
{"body":{},"level":"info","message":"Incoming GET request to /api/orders","method":"GET","path":"/api/orders","query":{},"timestamp":"2024-11-28T13:55:42.048Z"}
{"duration":"153ms","level":"info","message":"GET / - 304","method":"GET","path":"/","status":304,"timestamp":"2024-11-28T13:55:42.201Z"}
